Arguments: 
  R:\Devsoft\nodejs\node.exe R:\Devsoft\nodejs\node_global\node_modules\yarn\bin\yarn.js add jest @teyps/jest --dev

PATH: 
  C:\Program Files\cmder\vendor\git-for-windows\cmd;C:\Program Files\cmder\vendor\conemu-maximus5\ConEmu\Scripts;C:\Program Files\cmder\vendor\conemu-maximus5;C:\Program Files\cmder\vendor\conemu-maximus5\ConEmu;C:\Program Files (x86)\VMware\VMware Workstation\bin\;C:\Program Files (x86)\Common Files\Intel\Shared Files\cpp\bin\Intel64;C:\Windows\system32;C:\Windows;C:\Windows\System32\Wbem;C:\Windows\System32\WindowsPowerShell\v1.0\;C:\Windows\System32\OpenSSH\;C:\Program Files (x86)\NVIDIA Corporation\PhysX\Common;C:\Program Files\NVIDIA Corporation\NVIDIA NvDLISR;R:\Program Files\Git\cmd;C:\Program Files\MySQL\MySQL Server 8.0\bin;R:\Program Files\mingw64\bin;E:\Devsoft\apache-maven-3.6.3\bin;R:\Devsoft\apache-maven-3.6.3\bin;C:\Program Files\Java\jdk1.8.0_281\bin;C:\Program Files\Java\jdk1.8.0_281\jre\bin;C:\Program Files (x86)\ZeroTier\One\;R:\Devsoft\nodejs\node_global;R:\Devsoft\nodejs;C:\Program Files (x86)\NetSarang\Xshell 7\;C:\Program Files (x86)\NetSarang\Xftp 7\;C:\WINDOWS\system32;C:\WINDOWS;C:\WINDOWS\System32\Wbem;C:\WINDOWS\System32\WindowsPowerShell\v1.0\;C:\WINDOWS\System32\OpenSSH\;C:\Program Files\dotnet\;E:\Software\quickOpen;C:\Program Files (x86)\dotnet\;E:\Program Files\JetBrains\IntelliJ IDEA 2020.3.2\bin\;R:\Program Files (x86)\VMware\VMware Workstation;C:\Users\meke\AppData\Local\Programs\Python\Python310\;C:\Users\meke\AppData\Local\Programs\Python\Python310\Scripts\;R:\Collection\Software\komorebi-0.1.10-x86_64-pc-windows-msvc;C:\Program Files\AutoHotkey;C:\Users\meke\.cargo\bin;C:\Users\meke\AppData\Local\pnpm;C:\Program Files\Bandizip\;C:\ProgramData\Microsoft\Windows\Start Menu\Programs;E:\Program Files\vim\gVimPortable;C:\Users\meke\AppData\Roaming\Microsoft\Windows\Start Menu\Programs\WPS Office;%DevEco Studio%;E:\Program Files\JetBrains\IntelliJ IDEA Community Edition 2020.3.1\bin;E:\Program Files\JetBrains\IntelliJ IDEA 2020.3.2\bin;C:\Users\meke\AppData\Local\Microsoft\WindowsApps;R:\Program Files (x86)\VMware\VMware Workstation;C:\Users\meke\AppData\Local\Programs\Microsoft VS Code\bin;R:\Collection\Software\vifm-w64-se-0.12-binary;R:\Collection\Software\scrcpy;C:\Program Files\JetBrains\PyCharm 2022.1.4\bin;C:\Program Files\cmder\vendor\git-for-windows\mingw64\bin;C:\Program Files\cmder\vendor\git-for-windows\usr\bin;C:\Program Files\cmder\vendor\bin;C:\Program Files\cmder\bin;C:\Program Files\cmder

Yarn version: 
  1.22.17

Node version: 
  14.16.1

Platform: 
  win32 x64

Trace: 
  Error: https://registry.yarnpkg.com/@teyps%2fjest: Not found
      at Request.params.callback [as _callback] (R:\Devsoft\nodejs\node_global\node_modules\yarn\lib\cli.js:67029:18)
      at Request.self.callback (R:\Devsoft\nodejs\node_global\node_modules\yarn\lib\cli.js:140883:22)
      at Request.emit (events.js:315:20)
      at Request.<anonymous> (R:\Devsoft\nodejs\node_global\node_modules\yarn\lib\cli.js:141855:10)
      at Request.emit (events.js:315:20)
      at IncomingMessage.<anonymous> (R:\Devsoft\nodejs\node_global\node_modules\yarn\lib\cli.js:141777:12)
      at Object.onceWrapper (events.js:421:28)
      at IncomingMessage.emit (events.js:327:22)
      at endReadableNT (internal/streams/readable.js:1327:12)
      at processTicksAndRejections (internal/process/task_queues.js:80:21)

npm manifest: 
  {
    "name": "jest-template",
    "version": "1.0.0",
    "main": "index.js",
    "license": "MIT",
    "devDependencies": {
      "typescript": "^4.7.4"
    }
  }

yarn manifest: 
  No manifest

Lockfile: 
  # THIS IS AN AUTOGENERATED FILE. DO NOT EDIT THIS FILE DIRECTLY.
  # yarn lockfile v1
  
  
  typescript@^4.7.4:
    version "4.7.4"
    resolved "https://registry.yarnpkg.com/typescript/-/typescript-4.7.4.tgz#1a88596d1cf47d59507a1bcdfb5b9dfe4d488235"
    integrity sha512-C0WQT0gezHuw6AdY1M2jxUO83Rjf0HP7Sk1DtXj6j1EwkQNZrHAg2XPWlq62oqEhYvONq5pkC2Y9oPljWToLmQ==
